Arguments: 
  /Users/kuiros/.nvm/versions/node/v7.5.0/bin/node /Users/kuiros/.nvm/versions/node/v7.5.0/bin/yarn run build

PATH: 
  /Users/kuiros/.nvm/versions/node/v7.5.0/bin:/Users/kuiros/.rvm/gems/ruby-2.5.1/bin:/Users/kuiros/.rvm/gems/ruby-2.5.1@global/bin:/Users/kuiros/.rvm/rubies/ruby-2.5.1/bin:/usr/local/bin:/usr/local/sbin:/Library/PostgreSQL/9.4/bin/psql:/usr/local/bin:/usr/bin:/bin:/usr/sbin:/sbin:/opt/X11/bin:/Library/Frameworks/Mono.framework/Versions/Current/Commands:/Users/kuiros/.rvm/bin:/Library/PostgreSQL/9.4/bin/psql:/opt/local/bin:/opt/local/sbin:/Users/kuiros/code/go/bin

Yarn version: 
  1.5.1

Node version: 
  7.5.0

Platform: 
  darwin x64

npm manifest: 
  {
    "name": "gatsby-starter-blog",
    "description": "Starter Gatsby Blog",
    "version": "1.0.0",
    "author": "Kyle Mathews <mathews.kyle@gmail.com>",
    "bugs": {
      "url": "https://github.com/gatsbyjs/gatsby-starter-blog/issues"
    },
    "dependencies": {
      "babel-plugin-styled-components": "^1.5.1",
      "bowser": "^2.0.0-alpha.3",
      "gatsby": "^1.9.241",
      "gatsby-link": "^1.6.39",
      "gatsby-plugin-feed": "^1.3.20",
      "gatsby-plugin-google-analytics": "^1.0.24",
      "gatsby-plugin-netlify-cms": "^3.0.9",
      "gatsby-plugin-offline": "^1.0.15",
      "gatsby-plugin-react-helmet": "^1.0.8",
      "gatsby-plugin-sharp": "^1.6.41",
      "gatsby-plugin-styled-components": "^2.0.11",
      "gatsby-plugin-typography": "^1.7.18",
      "gatsby-remark-copy-linked-files": "^1.5.30",
      "gatsby-remark-embed-video": "^1.4.0",
      "gatsby-remark-images": "^1.5.59",
      "gatsby-remark-prismjs": "^1.2.24",
      "gatsby-remark-responsive-iframe": "^1.4.18",
      "gatsby-remark-smartypants": "^1.4.12",
      "gatsby-source-filesystem": "^1.5.27",
      "gatsby-transformer-remark": "^1.7.44",
      "gatsby-transformer-sharp": "^1.6.22",
      "glitch-canvas": "^1.1.5",
      "lodash": "^4.17.5",
      "moment": "^2.22.2",
      "netlify-cms": "^2.2.1",
      "prismjs": "^1.15.0",
      "react-glitch": "^0.1.3",
      "react-responsive-grid": "^0.3.4",
      "styled-components": "^3.3.3",
      "typeface-merriweather": "0.0.43",
      "typeface-montserrat": "0.0.43",
      "typeface-vollkorn": "0.0.54",
      "typography-theme-wordpress-2016": "^0.15.10"
    },
    "devDependencies": {
      "eslint": "^4.19.1",
      "eslint-plugin-react": "^7.7.0",
      "gh-pages": "^1.1.0",
      "prettier": "^1.11.1"
    },
    "homepage": "https://github.com/gatsbyjs/gatsby-starter-blog#readme",
    "keywords": [
      "gatsby"
    ],
    "license": "MIT",
    "main": "n/a",
    "repository": {
      "type": "git",
      "url": "git+https://github.com/gatsbyjs/gatsby-starter-blog.git"
    },
    "scripts": {
      "dev": "gatsby develop",
      "lint": "./node_modules/.bin/eslint --ext .js,.jsx --ignore-pattern public .",
      "test": "echo \"Error: no test specified\" && exit 1",
      "format": "prettier --trailing-comma es5 --no-semi --single-quote --write 'src/**/*.js' 'src/**/*.md'",
      "develop": "gatsby develop",
      "build": "gatsby build",
      "deploy": "gatsby build && gh-pages -b master -d public",
      "fix-semi": "eslint --quiet --ignore-pattern node_modules --ignore-pattern public --parser babel-eslint --no-eslintrc --rule '{\"semi\": [2, \"never\"], \"no-extra-semi\": [2]}' --fix gatsby-node.js"
    }
  }

yarn manifest: 
  No manifest

Lockfile: 
  No lockfile

Trace: 
  Error: Command failed.
  Exit code: 1
  Command: sh
  Arguments: -c gatsby build
  Directory: /Users/kuiros/code/kuiro5.github.io
  Output:
  
      at ProcessTermError.MessageError (/Users/kuiros/.nvm/versions/node/v7.5.0/lib/node_modules/yarn/lib/cli.js:186:110)
      at new ProcessTermError (/Users/kuiros/.nvm/versions/node/v7.5.0/lib/node_modules/yarn/lib/cli.js:226:113)
      at ChildProcess.<anonymous> (/Users/kuiros/.nvm/versions/node/v7.5.0/lib/node_modules/yarn/lib/cli.js:30281:17)
      at emitTwo (events.js:106:13)
      at ChildProcess.emit (events.js:192:7)
      at maybeClose (internal/child_process.js:890:16)
      at Process.ChildProcess._handle.onexit (internal/child_process.js:226:5)
